<?xml version="1.0" encoding="UTF-8"?>
<!-- Generated by org.testng.reporters.JUnitReportReporter -->
<testsuite hostname="DESKTOP-EIS3M0F" failures="0" tests="1" name="com.zac.theinternet.PositiveTests" time="18.953" errors="0" timestamp="02 Apr 2019 18:09:28 GMT" skipped="0">
  <testcase classname="com.zac.theinternet.PositiveTests" name="loginTest" time="18.953"/>
</testsuite> <!-- com.zac.theinternet.PositiveTests -->
